<?xml version="1.0" encoding="UTF-8"?>
<testsuite name="jdbcpractice.EmployeePayrollServiceTest" tests="1" skipped="0" failures="0" errors="0" timestamp="2021-02-13T09:42:50" hostname="DESKTOP-BLCU99U" time="3.398">
  <properties/>
  <testcase name="givenPayrollData_WhenAverageSalaryRetrievedByGender_ShouldReturnProperValue" classname="jdbcpractice.EmployeePayrollServiceTest" time="3.398"/>
  <system-out><![CDATA[Connecting to database:jdbc:mysql://localhost:3306/emp_payrollservice?useSSL=false
Connection is successful!!!!com.mysql.jdbc.JDBC4Connection@da5cb24
Connecting to database:jdbc:mysql://localhost:3306/emp_payrollservice?useSSL=false
Connection is successful!!!!com.mysql.jdbc.JDBC4Connection@12be843f
]]></system-out>
  <system-err><![CDATA[]]></system-err>
</testsuite>
